Start testing: Aug 21 17:27 IDT
----------------------------------------------------------
1/3 Testing: add two numbers
1/3 Test: add two numbers
Command: "/home/user/projects/new_blog/docs/Programming/cpp/testing/catch2/code/build/calculator_tests" "add two numbers"
Directory: /home/user/projects/new_blog/docs/Programming/cpp/testing/catch2/code/build
"add two numbers" start time: Aug 21 17:27 IDT
Output:
----------------------------------------------------------
Filters: "add two numbers"
Randomness seeded to: 608236243
===============================================================================
All tests passed (2 assertions in 1 test case)

<end of output>
Test time =   0.01 sec
----------------------------------------------------------
Test Passed.
"add two numbers" end time: Aug 21 17:27 IDT
"add two numbers" time elapsed: 00:00:00
----------------------------------------------------------

2/3 Testing: divide two numbers
2/3 Test: divide two numbers
Command: "/home/user/projects/new_blog/docs/Programming/cpp/testing/catch2/code/build/calculator_tests" "divide two numbers"
Directory: /home/user/projects/new_blog/docs/Programming/cpp/testing/catch2/code/build
"divide two numbers" start time: Aug 21 17:27 IDT
Output:
----------------------------------------------------------
Filters: "divide two numbers"
Randomness seeded to: 1406719349
===============================================================================
All tests passed (1 assertion in 1 test case)

<end of output>
Test time =   0.01 sec
----------------------------------------------------------
Test Passed.
"divide two numbers" end time: Aug 21 17:27 IDT
"divide two numbers" time elapsed: 00:00:00
----------------------------------------------------------

3/3 Testing: division by zero throws
3/3 Test: division by zero throws
Command: "/home/user/projects/new_blog/docs/Programming/cpp/testing/catch2/code/build/calculator_tests" "division by zero throws"
Directory: /home/user/projects/new_blog/docs/Programming/cpp/testing/catch2/code/build
"division by zero throws" start time: Aug 21 17:27 IDT
Output:
----------------------------------------------------------
Filters: "division by zero throws"
Randomness seeded to: 791544969
===============================================================================
All tests passed (1 assertion in 1 test case)

<end of output>
Test time =   0.01 sec
----------------------------------------------------------
Test Passed.
"division by zero throws" end time: Aug 21 17:27 IDT
"division by zero throws" time elapsed: 00:00:00
----------------------------------------------------------

End testing: Aug 21 17:27 IDT
